-------------------------------------------------------------------------------
Test set: org.apache.solr.handler.dataimport.TestScriptTransformer
-------------------------------------------------------------------------------
Tests run: 1, Failures: 0, Errors: 1, Skipped: 0, Time elapsed: 0.012 s <<< FAILURE! -- in org.apache.solr.handler.dataimport.TestScriptTransformer
org.apache.solr.handler.dataimport.TestScriptTransformer -- Time elapsed: 0.008 s <<< ERROR!
java.lang.NoClassDefFoundError: Could not initialize class org.apache.solr.util.ExternalPaths
	at __randomizedtesting.SeedInfo.seed([34E1FA8DFB4F7795]:0)
	at org.apache.solr.SolrTestCase.beforeSolrTestCase(SolrTestCase.java:135)
	at java.base/jdk.internal.reflect.DirectMethodHandleAccessor.invoke(DirectMethodHandleAccessor.java:103)
	at java.base/java.lang.reflect.Method.invoke(Method.java:580)
	at com.carrotsearch.randomizedtesting.RandomizedRunner.invoke(RandomizedRunner.java:1763)
	at com.carrotsearch.randomizedtesting.RandomizedRunner$6.evaluate(RandomizedRunner.java:886)
	at com.carrotsearch.randomizedtesting.RandomizedRunner$7.evaluate(RandomizedRunner.java:902)
	at com.carrotsearch.randomizedtesting.rules.StatementAdapter.evaluate(StatementAdapter.java:36)
	at com.carrotsearch.randomizedtesting.rules.StatementAdapter.evaluate(StatementAdapter.java:36)
	at org.apache.lucene.tests.util.AbstractBeforeAfterRule$1.evaluate(AbstractBeforeAfterRule.java:43)
	at com.carrotsearch.randomizedtesting.rules.SystemPropertiesRestoreRule$1.evaluate(SystemPropertiesRestoreRule.java:80)
	at org.junit.rules.RunRules.evaluate(RunRules.java:20)
	at org.apache.lucene.tests.util.AbstractBeforeAfterRule$1.evaluate(AbstractBeforeAfterRule.java:43)
	at com.carrotsearch.randomizedtesting.rules.StatementAdapter.evaluate(StatementAdapter.java:36)
	at org.apache.lucene.tests.util.TestRuleStoreClassName$1.evaluate(TestRuleStoreClassName.java:38)
	at com.carrotsearch.randomizedtesting.rules.NoShadowingOrOverridesOnMethodsRule$1.evaluate(NoShadowingOrOverridesOnMethodsRule.java:40)
	at com.carrotsearch.randomizedtesting.rules.NoShadowingOrOverridesOnMethodsRule$1.evaluate(NoShadowingOrOverridesOnMethodsRule.java:40)
	at com.carrotsearch.randomizedtesting.rules.StatementAdapter.evaluate(StatementAdapter.java:36)
	at com.carrotsearch.randomizedtesting.rules.StatementAdapter.evaluate(StatementAdapter.java:36)
	at org.apache.lucene.tests.util.TestRuleAssertionsRequired$1.evaluate(TestRuleAssertionsRequired.java:53)
	at org.apache.lucene.tests.util.AbstractBeforeAfterRule$1.evaluate(AbstractBeforeAfterRule.java:43)
	at org.apache.lucene.tests.util.TestRuleMarkFailure$1.evaluate(TestRuleMarkFailure.java:44)
	at org.apache.lucene.tests.util.TestRuleIgnoreAfterMaxFailures$1.evaluate(TestRuleIgnoreAfterMaxFailures.java:60)
	at org.apache.lucene.tests.util.TestRuleIgnoreTestSuites$1.evaluate(TestRuleIgnoreTestSuites.java:47)
	at org.junit.rules.RunRules.evaluate(RunRules.java:20)
	at com.carrotsearch.randomizedtesting.rules.StatementAdapter.evaluate(StatementAdapter.java:36)
	at com.carrotsearch.randomizedtesting.ThreadLeakControl$StatementRunner.run(ThreadLeakControl.java:390)
	at com.carrotsearch.randomizedtesting.ThreadLeakControl.lambda$forkTimeoutingTask$0(ThreadLeakControl.java:850)
	at java.base/java.lang.Thread.run(Thread.java:1583)
Caused by: java.lang.ExceptionInInitializerError: Exception org.apache.solr.common.SolrException: Failed to determine source home [in thread "SUITE-TestSimplePropertiesWriter-seed#[B6A78D38A7337E0E]-worker"]
	at org.apache.solr.util.ExternalPaths.determineSourceHome(ExternalPaths.java:92)
	at org.apache.solr.util.ExternalPaths.<clinit>(ExternalPaths.java:40)
	... 28 more

