<?xml version="1.0" encoding="UTF-8"?>
<testsuite xmlns:xsi="http://www.w3.org/2001/XMLSchema-instance" xsi:noNamespaceSchemaLocation="https://maven.apache.org/surefire/maven-surefire-plugin/xsd/surefire-test-report.xsd" version="3.0.2" name="org.apache.solr.handler.dataimport.TestContentStreamDataSource" time="0.696" tests="2" errors="2" skipped="0" failures="0">
  <properties>
[...]
</properties>
  <testcase name="testCommitWithin" classname="org.apache.solr.handler.dataimport.TestContentStreamDataSource" time="0.493">
    <error message="Error from server at http://127.0.0.1:43017/solr/solr/collection1: Expected mime type in [application/octet-stream, application/vnd.apache.solr.javabin] but got text/html. &lt;html&gt;&#10;&lt;head&gt;&#10;&lt;meta http-equiv=&quot;Content-Type&quot; content=&quot;text/html;charset=ISO-8859-1&quot;/&gt;&#10;&lt;title&gt;Error 404 Can not find: /solr/solr/collection1/dataimport&lt;/title&gt;&#10;&lt;/head&gt;&#10;&lt;body&gt;&#10;&lt;h2&gt;HTTP ERROR 404 Can not find: /solr/solr/collection1/dataimport&lt;/h2&gt;&#10;&lt;table&gt;&#10;&lt;tr&gt;&lt;th&gt;URI:&lt;/th&gt;&lt;td&gt;http://127.0.0.1:43017/solr/solr/collection1/dataimport?command=full-import&amp;amp;clean=false&amp;amp;commit=false&amp;amp;commitWithin=1000&amp;amp;wt=javabin&lt;/td&gt;&lt;/tr&gt;&#10;&lt;tr&gt;&lt;th&gt;STATUS:&lt;/th&gt;&lt;td&gt;404&lt;/td&gt;&lt;/tr&gt;&#10;&lt;tr&gt;&lt;th&gt;MESSAGE:&lt;/th&gt;&lt;td&gt;Can not find: /solr/solr/collection1/dataimport&lt;/td&gt;&lt;/tr&gt;&#10;&lt;/table&gt;&#10;&lt;hr/&gt;&lt;a href=&quot;https://jetty.org/&quot;&gt;Powered by Jetty:// 12.0.27&lt;/a&gt;&lt;hr/&gt;&#10;&#10;&lt;/body&gt;&#10;&lt;/html&gt;&#10;" type="org.apache.solr.client.solrj.RemoteSolrException"><![CDATA[org.apache.solr.client.solrj.RemoteSolrException: 
Error from server at http://127.0.0.1:43017/solr/solr/collection1: Expected mime type in [application/octet-stream, application/vnd.apache.solr.javabin] but got text/html. <html>
<head>
<meta http-equiv="Content-Type" content="text/html;charset=ISO-8859-1"/>
<title>Error 404 Can not find: /solr/solr/collection1/dataimport</title>
</head>
<body>
<h2>HTTP ERROR 404 Can not find: /solr/solr/collection1/dataimport</h2>
<table>
<tr><th>URI:</th><td>http://127.0.0.1:43017/solr/solr/collection1/dataimport?command=full-import&amp;clean=false&amp;commit=false&amp;commitWithin=1000&amp;wt=javabin</td></tr>
<tr><th>STATUS:</th><td>404</td></tr>
<tr><th>MESSAGE:</th><td>Can not find: /solr/solr/collection1/dataimport</td></tr>
</table>
<hr/><a href="https://jetty.org/">Powered by Jetty:// 12.0.27</a><hr/>

</body>
</html>

	at __randomizedtesting.SeedInfo.seed([AD1B9634EF3FB79F:17C9F94C6C11598A]:0)
	at org.apache.solr.client.solrj.apache.HttpSolrClient.executeMethod(HttpSolrClient.java:654)
	at org.apache.solr.client.solrj.apache.HttpSolrClient.request(HttpSolrClient.java:254)
	at org.apache.solr.client.solrj.apache.HttpSolrClient.request(HttpSolrClient.java:233)
	at org.apache.solr.client.solrj.SolrClient.request(SolrClient.java:1195)
	at org.apache.solr.handler.dataimport.TestContentStreamDataSource.testCommitWithin(TestContentStreamDataSource.java:103)
	at java.base/jdk.internal.reflect.DirectMethodHandleAccessor.invoke(DirectMethodHandleAccessor.java:103)
	at java.base/java.lang.reflect.Method.invoke(Method.java:580)
	at com.carrotsearch.randomizedtesting.RandomizedRunner.invoke(RandomizedRunner.java:1763)
	at com.carrotsearch.randomizedtesting.RandomizedRunner$8.evaluate(RandomizedRunner.java:946)
	at com.carrotsearch.randomizedtesting.RandomizedRunner$9.evaluate(RandomizedRunner.java:982)
	at com.carrotsearch.randomizedtesting.RandomizedRunner$10.evaluate(RandomizedRunner.java:996)
	at com.carrotsearch.randomizedtesting.rules.SystemPropertiesRestoreRule$1.evaluate(SystemPropertiesRestoreRule.java:80)
	at org.junit.rules.RunRules.evaluate(RunRules.java:20)
	at org.apache.lucene.tests.util.TestRuleSetupTeardownChained$1.evaluate(TestRuleSetupTeardownChained.java:48)
	at org.apache.lucene.tests.util.AbstractBeforeAfterRule$1.evaluate(AbstractBeforeAfterRule.java:43)
	at org.apache.lucene.tests.util.TestRuleThreadAndTestName$1.evaluate(TestRuleThreadAndTestName.java:45)
	at org.apache.lucene.tests.util.TestRuleIgnoreAfterMaxFailures$1.evaluate(TestRuleIgnoreAfterMaxFailures.java:60)
	at org.apache.lucene.tests.util.TestRuleMarkFailure$1.evaluate(TestRuleMarkFailure.java:44)
	at org.junit.rules.RunRules.evaluate(RunRules.java:20)
	at com.carrotsearch.randomizedtesting.rules.StatementAdapter.evaluate(StatementAdapter.java:36)
	at com.carrotsearch.randomizedtesting.ThreadLeakControl$StatementRunner.run(ThreadLeakControl.java:390)
	at com.carrotsearch.randomizedtesting.ThreadLeakControl.forkTimeoutingTask(ThreadLeakControl.java:843)
	at com.carrotsearch.randomizedtesting.ThreadLeakControl$3.evaluate(ThreadLeakControl.java:490)
	at com.carrotsearch.randomizedtesting.RandomizedRunner.runSingleTest(RandomizedRunner.java:955)
	at com.carrotsearch.randomizedtesting.RandomizedRunner$5.evaluate(RandomizedRunner.java:840)
	at com.carrotsearch.randomizedtesting.RandomizedRunner$6.evaluate(RandomizedRunner.java:891)
	at com.carrotsearch.randomizedtesting.RandomizedRunner$7.evaluate(RandomizedRunner.java:902)
	at com.carrotsearch.randomizedtesting.rules.StatementAdapter.evaluate(StatementAdapter.java:36)
	at com.carrotsearch.randomizedtesting.rules.StatementAdapter.evaluate(StatementAdapter.java:36)
	at org.apache.lucene.tests.util.AbstractBeforeAfterRule$1.evaluate(AbstractBeforeAfterRule.java:43)
	at com.carrotsearch.randomizedtesting.rules.SystemPropertiesRestoreRule$1.evaluate(SystemPropertiesRestoreRule.java:80)
	at org.junit.rules.RunRules.evaluate(RunRules.java:20)
	at org.apache.lucene.tests.util.AbstractBeforeAfterRule$1.evaluate(AbstractBeforeAfterRule.java:43)
	at com.carrotsearch.randomizedtesting.rules.StatementAdapter.evaluate(StatementAdapter.java:36)
	at org.apache.lucene.tests.util.TestRuleStoreClassName$1.evaluate(TestRuleStoreClassName.java:38)
	at com.carrotsearch.randomizedtesting.rules.NoShadowingOrOverridesOnMethodsRule$1.evaluate(NoShadowingOrOverridesOnMethodsRule.java:40)
	at com.carrotsearch.randomizedtesting.rules.NoShadowingOrOverridesOnMethodsRule$1.evaluate(NoShadowingOrOverridesOnMethodsRule.java:40)
	at com.carrotsearch.randomizedtesting.rules.StatementAdapter.evaluate(StatementAdapter.java:36)
	at com.carrotsearch.randomizedtesting.rules.StatementAdapter.evaluate(StatementAdapter.java:36)
	at org.apache.lucene.tests.util.TestRuleAssertionsRequired$1.evaluate(TestRuleAssertionsRequired.java:53)
	at org.apache.lucene.tests.util.AbstractBeforeAfterRule$1.evaluate(AbstractBeforeAfterRule.java:43)
	at org.apache.lucene.tests.util.TestRuleMarkFailure$1.evaluate(TestRuleMarkFailure.java:44)
	at org.apache.lucene.tests.util.TestRuleIgnoreAfterMaxFailures$1.evaluate(TestRuleIgnoreAfterMaxFailures.java:60)
	at org.apache.lucene.tests.util.TestRuleIgnoreTestSuites$1.evaluate(TestRuleIgnoreTestSuites.java:47)
	at org.junit.rules.RunRules.evaluate(RunRules.java:20)
	at com.carrotsearch.randomizedtesting.rules.StatementAdapter.evaluate(StatementAdapter.java:36)
	at com.carrotsearch.randomizedtesting.ThreadLeakControl$StatementRunner.run(ThreadLeakControl.java:390)
	at com.carrotsearch.randomizedtesting.ThreadLeakControl.lambda$forkTimeoutingTask$0(ThreadLeakControl.java:850)
	at java.base/java.lang.Thread.run(Thread.java:1583)
]]></error>
    <system-err><![CDATA[WARNING: A restricted method in java.lang.foreign.Linker has been called
WARNING: java.lang.foreign.Linker::downcallHandle has been called by the unnamed module
WARNING: Use --enable-native-access=ALL-UNNAMED to avoid a warning for this module

मार्च २३, २०२६ ७:३७:१७ सांझ io.opentelemetry.sdk.internal.ThrottlingLogger doLog
WARNING: CallbackRegistration{instrumentDescriptors=[InstrumentDescriptor{name=solr_node_executor_thread_pool_size, description=Thread pool size, unit=, type=OBSERVABLE_GAUGE, valueType=LONG, advice=Advice{explicitBucketBoundaries=null, attributes=null}}]} has called close() multiple times.
मार्च २३, २०२६ ७:३७:१७ सांझ io.opentelemetry.sdk.internal.ThrottlingLogger doLog
WARNING: CallbackRegistration{instrumentDescriptors=[InstrumentDescriptor{name=solr_node_executor_thread_pool_tasks, description=Thread pool task counts, unit=, type=OBSERVABLE_GAUGE, valueType=LONG, advice=Advice{explicitBucketBoundaries=null, attributes=null}}]} has called close() multiple times.
मार्च २३, २०२६ ७:३७:१७ सांझ io.opentelemetry.sdk.internal.ThrottlingLogger doLog
WARNING: CallbackRegistration{instrumentDescriptors=[InstrumentDescriptor{name=solr_core_replication_is_follower, description=Whether this node is a follower (1) or not (0), unit=, type=OBSERVABLE_GAUGE, valueType=LONG, advice=Advice{explicitBucketBoundaries=null, attributes=null}}, InstrumentDescriptor{name=solr_core_replication_is_enabled, description=Whether replication is enabled (1) or not (0), unit=, type=OBSERVABLE_GAUGE, valueType=LONG, advice=Advice{explicitBucketBoundaries=null, attributes=null}}, InstrumentDescriptor{name=solr_core_replication_downloaded_size, description=Total bytes downloaded during replication, unit=By, type=OBSERVABLE_GAUGE, valueType=LONG, advice=Advice{explicitBucketBoundaries=null, attributes=null}}, InstrumentDescriptor{name=solr_core_replication_index_size, description=Size of the index in megabytes, unit=MBy, type=OBSERVABLE_GAUGE, valueType=DOUBLE, advice=Advice{explicitBucketBoundaries=null, attributes=null}}, InstrumentDescriptor{name=solr_core_replication_time_elapsed, description=Time elapsed during replication in seconds, unit=s, type=OBSERVABLE_GAUGE, valueType=LONG, advice=Advice{explicitBucketBoundaries=null, attributes=null}}, InstrumentDescriptor{name=solr_core_replication_index_generation, description=Current index generation, unit=, type=OBSERVABLE_GAUGE, valueType=LONG, advice=Advice{explicitBucketBoundaries=null, attributes=null}}, InstrumentDescriptor{name=solr_core_replication_is_leader, description=Whether this node is a leader (1) or not (0), unit=, type=OBSERVABLE_GAUGE, valueType=LONG, advice=Advice{explicitBucketBoundaries=null, attributes=null}}, InstrumentDescriptor{name=solr_core_replication_is_replicating, description=Whether replication is in progress (1) or not (0), unit=, type=OBSERVABLE_GAUGE, valueType=LONG, advice=Advice{explicitBucketBoundaries=null, attributes=null}}, InstrumentDescriptor{name=solr_core_replication_is_polling_disabled, description=Whether polling is disabled (1) or not (0), unit=, type=OBSERVABLE_GAUGE, valueType=LONG, advice=Advice{explicitBucketBoundaries=null, attributes=null}}, InstrumentDescriptor{name=solr_core_replication_index_version, description=Current index version, unit=, type=OBSERVABLE_GAUGE, valueType=LONG, advice=Advice{explicitBucketBoundaries=null, attributes=null}}, InstrumentDescriptor{name=solr_core_replication_download_speed, description=Download speed in bytes per second, unit=, type=OBSERVABLE_GAUGE, valueType=LONG, advice=Advice{explicitBucketBoundaries=null, attributes=null}}]} has called close() multiple times.
मार्च २३, २०२६ ७:३७:१७ सांझ io.opentelemetry.sdk.internal.ThrottlingLogger doLog
WARNING: CallbackRegistration{instrumentDescriptors=[InstrumentDescriptor{name=solr_core_update_auto_commits, description=Current number of auto commits, unit=, type=OBSERVABLE_COUNTER, valueType=LONG, advice=Advice{explicitBucketBoundaries=null, attributes=null}}]} has called close() multiple times.
मार्च २३, २०२६ ७:३७:१७ सांझ io.opentelemetry.sdk.internal.ThrottlingLogger doLog
WARNING: CallbackRegistration{instrumentDescriptors=[InstrumentDescriptor{name=solr_core_update_commit_stats, description=Metrics around commits, unit=, type=OBSERVABLE_GAUGE, valueType=LONG, advice=Advice{explicitBucketBoundaries=null, attributes=null}}]} has called close() multiple times.
मार्च २३, २०२६ ७:३७:१७ सांझ io.opentelemetry.sdk.internal.ThrottlingLogger doLog
WARNING: CallbackRegistration{instrumentDescriptors=[InstrumentDescriptor{name=solr_core_update_docs_pending_commit, description=Current number of documents pending commit. Value is reset to 0 on commit., unit=, type=OBSERVABLE_GAUGE, valueType=LONG, advice=Advice{explicitBucketBoundaries=null, attributes=null}}]} has called close() multiple times.
मार्च २३, २०२६ ७:३७:१७ सांझ io.opentelemetry.sdk.internal.ThrottlingLogger doLog
WARNING: CallbackRegistration{instrumentDescriptors=[InstrumentDescriptor{name=solr_core_indexsearcher_cache_ops, description=Number of cumulative cache operations (inserts and evictions), unit=, type=OBSERVABLE_COUNTER, valueType=LONG, advice=Advice{explicitBucketBoundaries=null, attributes=null}}, InstrumentDescriptor{name=solr_core_indexsearcher_cache_ram_used, description=RAM bytes used by cache, unit=By, type=OBSERVABLE_GAUGE, valueType=LONG, advice=Advice{explicitBucketBoundaries=null, attributes=null}}, InstrumentDescriptor{name=solr_core_indexsearcher_cache_warmup_time, description=Cache warmup time (most recent), unit=ms, type=OBSERVABLE_GAUGE, valueType=LONG, advice=Advice{explicitBucketBoundaries=null, attributes=null}}, InstrumentDescriptor{name=solr_core_indexsearcher_cache_lookups, description=Number of cumulative cache lookup results (hits and misses), unit=, type=OBSERVABLE_COUNTER, valueType=LONG, advice=Advice{explicitBucketBoundaries=null, attributes=null}}, InstrumentDescriptor{name=solr_core_indexsearcher_cache_size, description=Current number cache entries, unit=, type=OBSERVABLE_GAUGE, valueType=LONG, advice=Advice{explicitBucketBoundaries=null, attributes=null}}]} has called close() multiple times.
मार्च २३, २०२६ ७:३७:१७ सांझ io.opentelemetry.sdk.internal.ThrottlingLogger doLog
WARNING: CallbackRegistration{instrumentDescriptors=[InstrumentDescriptor{name=solr_core_indexsearcher_cache_size, description=Current number cache entries, unit=, type=OBSERVABLE_GAUGE, valueType=LONG, advice=Advice{explicitBucketBoundaries=null, attributes=null}}, InstrumentDescriptor{name=solr_core_indexsearcher_cache_ops, description=Number of cumulative cache operations (inserts and evictions), unit=, type=OBSERVABLE_COUNTER, valueType=LONG, advice=Advice{explicitBucketBoundaries=null, attributes=null}}, InstrumentDescriptor{name=solr_core_indexsearcher_cache_warmup_time, description=Cache warmup time (most recent), unit=ms, type=OBSERVABLE_GAUGE, valueType=LONG, advice=Advice{explicitBucketBoundaries=null, attributes=null}}, InstrumentDescriptor{name=solr_core_indexsearcher_cache_lookups, description=Number of cumulative cache lookup results (hits and misses), unit=, type=OBSERVABLE_COUNTER, valueType=LONG, advice=Advice{explicitBucketBoundaries=null, attributes=null}}, InstrumentDescriptor{name=solr_core_indexsearcher_cache_ram_used, description=RAM bytes used by cache, unit=By, type=OBSERVABLE_GAUGE, valueType=LONG, advice=Advice{explicitBucketBoundaries=null, attributes=null}}]} has called close() multiple times.
मार्च २३, २०२६ ७:३७:१७ सांझ io.opentelemetry.sdk.internal.ThrottlingLogger doLog
WARNING: CallbackRegistration{instrumentDescriptors=[InstrumentDescriptor{name=solr_core_indexsearcher_cache_ops, description=Number of cumulative cache operations (inserts and evictions), unit=, type=OBSERVABLE_COUNTER, valueType=LONG, advice=Advice{explicitBucketBoundaries=null, attributes=null}}, InstrumentDescriptor{name=solr_core_indexsearcher_cache_ram_used, description=RAM bytes used by cache, unit=By, type=OBSERVABLE_GAUGE, valueType=LONG, advice=Advice{explicitBucketBoundaries=null, attributes=null}}, InstrumentDescriptor{name=solr_core_indexsearcher_cache_warmup_time, description=Cache warmup time (most recent), unit=ms, type=OBSERVABLE_GAUGE, valueType=LONG, advice=Advice{explicitBucketBoundaries=null, attributes=null}}, InstrumentDescriptor{name=solr_core_indexsearcher_cache_lookups, description=Number of cumulative cache lookup results (hits and misses), unit=, type=OBSERVABLE_COUNTER, valueType=LONG, advice=Advice{explicitBucketBoundaries=null, attributes=null}}, InstrumentDescriptor{name=solr_core_indexsearcher_cache_size, description=Current number cache entries, unit=, type=OBSERVABLE_GAUGE, valueType=LONG, advice=Advice{explicitBucketBoundaries=null, attributes=null}}]} has called close() multiple times.
मार्च २३, २०२६ ७:३७:१७ सांझ io.opentelemetry.sdk.internal.ThrottlingLogger doLog
WARNING: CallbackRegistration{instrumentDescriptors=[InstrumentDescriptor{name=solr_core_indexsearcher_cache_lookups, description=Number of cumulative cache lookup results (hits and misses), unit=, type=OBSERVABLE_COUNTER, valueType=LONG, advice=Advice{explicitBucketBoundaries=null, attributes=null}}, InstrumentDescriptor{name=solr_core_indexsearcher_cache_size, description=Current number cache entries, unit=, type=OBSERVABLE_GAUGE, valueType=LONG, advice=Advice{explicitBucketBoundaries=null, attributes=null}}, InstrumentDescriptor{name=solr_core_indexsearcher_cache_warmup_time, description=Cache warmup time (most recent), unit=ms, type=OBSERVABLE_GAUGE, valueType=LONG, advice=Advice{explicitBucketBoundaries=null, attributes=null}}, InstrumentDescriptor{name=solr_core_indexsearcher_cache_ram_used, description=RAM bytes used by cache, unit=By, type=OBSERVABLE_GAUGE, valueType=LONG, advice=Advice{explicitBucketBoundaries=null, attributes=null}}, InstrumentDescriptor{name=solr_core_indexsearcher_cache_ops, description=Number of cumulative cache operations (inserts and evictions), unit=, type=OBSERVABLE_COUNTER, valueType=LONG, advice=Advice{explicitBucketBoundaries=null, attributes=null}}]} has called close() multiple times.
मार्च २३, २०२६ ७:३७:१७ सांझ io.opentelemetry.sdk.internal.ThrottlingLogger doLog
WARNING: CallbackRegistration{instrumentDescriptors=[InstrumentDescriptor{name=solr_core_indexsearcher_termstats_cache, description=Operation counts for the searcher term statistics cache, reported per operation type, unit=, type=OBSERVABLE_GAUGE, valueType=LONG, advice=Advice{explicitBucketBoundaries=null, attributes=null}}]} has called close() multiple times.
मार्च २३, २०२६ ७:३७:१७ सांझ io.opentelemetry.sdk.internal.ThrottlingLogger doLog
WARNING: CallbackRegistration{instrumentDescriptors=[InstrumentDescriptor{name=solr_core_indexsearcher_live_docs_cache, description=LiveDocs cache metrics, unit=, type=OBSERVABLE_COUNTER, valueType=LONG, advice=Advice{explicitBucketBoundaries=null, attributes=null}}]} has called close() multiple times.
मार्च २३, २०२६ ७:३७:१७ सांझ io.opentelemetry.sdk.internal.ThrottlingLogger doLog
WARNING: CallbackRegistration{instrumentDescriptors=[InstrumentDescriptor{name=solr_core_indexsearcher_index_num_docs, description=Number of live docs in the index, unit=, type=OBSERVABLE_GAUGE, valueType=LONG, advice=Advice{explicitBucketBoundaries=null, attributes=null}}]} has called close() multiple times.
मार्च २३, २०२६ ७:३७:१७ सांझ io.opentelemetry.sdk.internal.ThrottlingLogger doLog
WARNING: CallbackRegistration{instrumentDescriptors=[InstrumentDescriptor{name=solr_core_indexsearcher_index_docs, description=Total number of docs in the index (including deletions), unit=, type=OBSERVABLE_GAUGE, valueType=LONG, advice=Advice{explicitBucketBoundaries=null, attributes=null}}]} has called close() multiple times.
मार्च २३, २०२६ ७:३७:१७ सांझ io.opentelemetry.sdk.internal.ThrottlingLogger doLog
WARNING: CallbackRegistration{instrumentDescriptors=[InstrumentDescriptor{name=solr_core_indexsearcher_index_version, description=Lucene index version, unit=, type=OBSERVABLE_GAUGE, valueType=LONG, advice=Advice{explicitBucketBoundaries=null, attributes=null}}]} has called close() multiple times.
मार्च २३, २०२६ ७:३७:१७ सांझ io.opentelemetry.sdk.internal.ThrottlingLogger doLog
WARNING: CallbackRegistration{instrumentDescriptors=[InstrumentDescriptor{name=solr_core_ref_count, description=The current number of active references to a Solr core, unit=, type=OBSERVABLE_GAUGE, valueType=LONG, advice=Advice{explicitBucketBoundaries=null, attributes=null}}]} has called close() multiple times.
मार्च २३, २०२६ ७:३७:१७ सांझ io.opentelemetry.sdk.internal.ThrottlingLogger doLog
WARNING: CallbackRegistration{instrumentDescriptors=[InstrumentDescriptor{name=solr_core_executor_thread_pool_size, description=Thread pool size, unit=, type=OBSERVABLE_GAUGE, valueType=LONG, advice=Advice{explicitBucketBoundaries=null, attributes=null}}]} has called close() multiple times.
मार्च २३, २०२६ ७:३७:१७ सांझ io.opentelemetry.sdk.internal.ThrottlingLogger doLog
WARNING: CallbackRegistration{instrumentDescriptors=[InstrumentDescriptor{name=solr_core_executor_thread_pool_tasks, description=Thread pool task counts, unit=, type=OBSERVABLE_GAUGE, valueType=LONG, advice=Advice{explicitBucketBoundaries=null, attributes=null}}]} has called close() multiple times.
मार्च २३, २०२६ ७:३७:१७ सांझ io.opentelemetry.sdk.internal.ThrottlingLogger doLog
WARNING: CallbackRegistration{instrumentDescriptors=[InstrumentDescriptor{name=solr_core_executor_thread_pool_size, description=Thread pool size, unit=, type=OBSERVABLE_GAUGE, valueType=LONG, advice=Advice{explicitBucketBoundaries=null, attributes=null}}]} has called close() multiple times.
मार्च २३, २०२६ ७:३७:१७ सांझ io.opentelemetry.sdk.internal.ThrottlingLogger doLog
WARNING: CallbackRegistration{instrumentDescriptors=[InstrumentDescriptor{name=solr_core_executor_thread_pool_tasks, description=Thread pool task counts, unit=, type=OBSERVABLE_GAUGE, valueType=LONG, advice=Advice{explicitBucketBoundaries=null, attributes=null}}]} has called close() multiple times.
मार्च २३, २०२६ ७:३७:१७ सांझ io.opentelemetry.sdk.internal.ThrottlingLogger doLog
WARNING: CallbackRegistration{instrumentDescriptors=[InstrumentDescriptor{name=solr_core_executor_thread_pool_size, description=Thread pool size, unit=, type=OBSERVABLE_GAUGE, valueType=LONG, advice=Advice{explicitBucketBoundaries=null, attributes=null}}]} has called close() multiple times.
मार्च २३, २०२६ ७:३७:१७ सांझ io.opentelemetry.sdk.internal.ThrottlingLogger doLog
WARNING: CallbackRegistration{instrumentDescriptors=[InstrumentDescriptor{name=solr_core_executor_thread_pool_tasks, description=Thread pool task counts, unit=, type=OBSERVABLE_GAUGE, valueType=LONG, advice=Advice{explicitBucketBoundaries=null, attributes=null}}]} has called close() multiple times.
]]></system-err>
  </testcase>
  <testcase name="testSimple" classname="org.apache.solr.handler.dataimport.TestContentStreamDataSource" time="0.184">
    <error message="Error from server at http://127.0.0.1:35687/solr/solr/collection1: Expected mime type in [application/octet-stream, application/vnd.apache.solr.javabin] but got text/html. &lt;html&gt;&#10;&lt;head&gt;&#10;&lt;meta http-equiv=&quot;Content-Type&quot; content=&quot;text/html;charset=ISO-8859-1&quot;/&gt;&#10;&lt;title&gt;Error 404 Can not find: /solr/solr/collection1/dataimport&lt;/title&gt;&#10;&lt;/head&gt;&#10;&lt;body&gt;&#10;&lt;h2&gt;HTTP ERROR 404 Can not find: /solr/solr/collection1/dataimport&lt;/h2&gt;&#10;&lt;table&gt;&#10;&lt;tr&gt;&lt;th&gt;URI:&lt;/th&gt;&lt;td&gt;http://127.0.0.1:35687/solr/solr/collection1/dataimport?command=full-import&amp;amp;clean=false&amp;amp;wt=javabin&lt;/td&gt;&lt;/tr&gt;&#10;&lt;tr&gt;&lt;th&gt;STATUS:&lt;/th&gt;&lt;td&gt;404&lt;/td&gt;&lt;/tr&gt;&#10;&lt;tr&gt;&lt;th&gt;MESSAGE:&lt;/th&gt;&lt;td&gt;Can not find: /solr/solr/collection1/dataimport&lt;/td&gt;&lt;/tr&gt;&#10;&lt;/table&gt;&#10;&lt;hr/&gt;&lt;a href=&quot;https://jetty.org/&quot;&gt;Powered by Jetty:// 12.0.27&lt;/a&gt;&lt;hr/&gt;&#10;&#10;&lt;/body&gt;&#10;&lt;/html&gt;&#10;" type="org.apache.solr.client.solrj.RemoteSolrException"><![CDATA[org.apache.solr.client.solrj.RemoteSolrException: 
Error from server at http://127.0.0.1:35687/solr/solr/collection1: Expected mime type in [application/octet-stream, application/vnd.apache.solr.javabin] but got text/html. <html>
<head>
<meta http-equiv="Content-Type" content="text/html;charset=ISO-8859-1"/>
<title>Error 404 Can not find: /solr/solr/collection1/dataimport</title>
</head>
<body>
<h2>HTTP ERROR 404 Can not find: /solr/solr/collection1/dataimport</h2>
<table>
<tr><th>URI:</th><td>http://127.0.0.1:35687/solr/solr/collection1/dataimport?command=full-import&amp;clean=false&amp;wt=javabin</td></tr>
<tr><th>STATUS:</th><td>404</td></tr>
<tr><th>MESSAGE:</th><td>Can not find: /solr/solr/collection1/dataimport</td></tr>
</table>
<hr/><a href="https://jetty.org/">Powered by Jetty:// 12.0.27</a><hr/>

</body>
</html>

	at __randomizedtesting.SeedInfo.seed([AD1B9634EF3FB79F:95A8B2CAC8CC634E]:0)
	at org.apache.solr.client.solrj.apache.HttpSolrClient.executeMethod(HttpSolrClient.java:654)
	at org.apache.solr.client.solrj.apache.HttpSolrClient.request(HttpSolrClient.java:254)
	at org.apache.solr.client.solrj.apache.HttpSolrClient.request(HttpSolrClient.java:233)
	at org.apache.solr.client.solrj.SolrClient.request(SolrClient.java:1195)
	at org.apache.solr.handler.dataimport.TestContentStreamDataSource.testSimple(TestContentStreamDataSource.java:84)
	at java.base/jdk.internal.reflect.DirectMethodHandleAccessor.invoke(DirectMethodHandleAccessor.java:103)
	at java.base/java.lang.reflect.Method.invoke(Method.java:580)
	at com.carrotsearch.randomizedtesting.RandomizedRunner.invoke(RandomizedRunner.java:1763)
	at com.carrotsearch.randomizedtesting.RandomizedRunner$8.evaluate(RandomizedRunner.java:946)
	at com.carrotsearch.randomizedtesting.RandomizedRunner$9.evaluate(RandomizedRunner.java:982)
	at com.carrotsearch.randomizedtesting.RandomizedRunner$10.evaluate(RandomizedRunner.java:996)
	at com.carrotsearch.randomizedtesting.rules.SystemPropertiesRestoreRule$1.evaluate(SystemPropertiesRestoreRule.java:80)
	at org.junit.rules.RunRules.evaluate(RunRules.java:20)
	at org.apache.lucene.tests.util.TestRuleSetupTeardownChained$1.evaluate(TestRuleSetupTeardownChained.java:48)
	at org.apache.lucene.tests.util.AbstractBeforeAfterRule$1.evaluate(AbstractBeforeAfterRule.java:43)
	at org.apache.lucene.tests.util.TestRuleThreadAndTestName$1.evaluate(TestRuleThreadAndTestName.java:45)
	at org.apache.lucene.tests.util.TestRuleIgnoreAfterMaxFailures$1.evaluate(TestRuleIgnoreAfterMaxFailures.java:60)
	at org.apache.lucene.tests.util.TestRuleMarkFailure$1.evaluate(TestRuleMarkFailure.java:44)
	at org.junit.rules.RunRules.evaluate(RunRules.java:20)
	at com.carrotsearch.randomizedtesting.rules.StatementAdapter.evaluate(StatementAdapter.java:36)
	at com.carrotsearch.randomizedtesting.ThreadLeakControl$StatementRunner.run(ThreadLeakControl.java:390)
	at com.carrotsearch.randomizedtesting.ThreadLeakControl.forkTimeoutingTask(ThreadLeakControl.java:843)
	at com.carrotsearch.randomizedtesting.ThreadLeakControl$3.evaluate(ThreadLeakControl.java:490)
	at com.carrotsearch.randomizedtesting.RandomizedRunner.runSingleTest(RandomizedRunner.java:955)
	at com.carrotsearch.randomizedtesting.RandomizedRunner$5.evaluate(RandomizedRunner.java:840)
	at com.carrotsearch.randomizedtesting.RandomizedRunner$6.evaluate(RandomizedRunner.java:891)
	at com.carrotsearch.randomizedtesting.RandomizedRunner$7.evaluate(RandomizedRunner.java:902)
	at com.carrotsearch.randomizedtesting.rules.StatementAdapter.evaluate(StatementAdapter.java:36)
	at com.carrotsearch.randomizedtesting.rules.StatementAdapter.evaluate(StatementAdapter.java:36)
	at org.apache.lucene.tests.util.AbstractBeforeAfterRule$1.evaluate(AbstractBeforeAfterRule.java:43)
	at com.carrotsearch.randomizedtesting.rules.SystemPropertiesRestoreRule$1.evaluate(SystemPropertiesRestoreRule.java:80)
	at org.junit.rules.RunRules.evaluate(RunRules.java:20)
	at org.apache.lucene.tests.util.AbstractBeforeAfterRule$1.evaluate(AbstractBeforeAfterRule.java:43)
	at com.carrotsearch.randomizedtesting.rules.StatementAdapter.evaluate(StatementAdapter.java:36)
	at org.apache.lucene.tests.util.TestRuleStoreClassName$1.evaluate(TestRuleStoreClassName.java:38)
	at com.carrotsearch.randomizedtesting.rules.NoShadowingOrOverridesOnMethodsRule$1.evaluate(NoShadowingOrOverridesOnMethodsRule.java:40)
	at com.carrotsearch.randomizedtesting.rules.NoShadowingOrOverridesOnMethodsRule$1.evaluate(NoShadowingOrOverridesOnMethodsRule.java:40)
	at com.carrotsearch.randomizedtesting.rules.StatementAdapter.evaluate(StatementAdapter.java:36)
	at com.carrotsearch.randomizedtesting.rules.StatementAdapter.evaluate(StatementAdapter.java:36)
	at org.apache.lucene.tests.util.TestRuleAssertionsRequired$1.evaluate(TestRuleAssertionsRequired.java:53)
	at org.apache.lucene.tests.util.AbstractBeforeAfterRule$1.evaluate(AbstractBeforeAfterRule.java:43)
	at org.apache.lucene.tests.util.TestRuleMarkFailure$1.evaluate(TestRuleMarkFailure.java:44)
	at org.apache.lucene.tests.util.TestRuleIgnoreAfterMaxFailures$1.evaluate(TestRuleIgnoreAfterMaxFailures.java:60)
	at org.apache.lucene.tests.util.TestRuleIgnoreTestSuites$1.evaluate(TestRuleIgnoreTestSuites.java:47)
	at org.junit.rules.RunRules.evaluate(RunRules.java:20)
	at com.carrotsearch.randomizedtesting.rules.StatementAdapter.evaluate(StatementAdapter.java:36)
	at com.carrotsearch.randomizedtesting.ThreadLeakControl$StatementRunner.run(ThreadLeakControl.java:390)
	at com.carrotsearch.randomizedtesting.ThreadLeakControl.lambda$forkTimeoutingTask$0(ThreadLeakControl.java:850)
	at java.base/java.lang.Thread.run(Thread.java:1583)
]]></error>
    <system-err><![CDATA[NOTE: reproduce with: gradlew test --tests TestContentStreamDataSource.testCommitWithin -Dtests.seed=AD1B9634EF3FB79F -Dtests.locale=bgc -Dtests.timezone=Europe/Paris -Dtests.asserts=true -Dtests.file.encoding=UTF-8
मार्च २३, २०२६ ७:३७:१८ सांझ io.opentelemetry.sdk.internal.ThrottlingLogger doLog
WARNING: CallbackRegistration{instrumentDescriptors=[InstrumentDescriptor{name=solr_node_executor_thread_pool_size, description=Thread pool size, unit=, type=OBSERVABLE_GAUGE, valueType=LONG, advice=Advice{explicitBucketBoundaries=null, attributes=null}}]} has called close() multiple times.
मार्च २३, २०२६ ७:३७:१८ सांझ io.opentelemetry.sdk.internal.ThrottlingLogger doLog
WARNING: CallbackRegistration{instrumentDescriptors=[InstrumentDescriptor{name=solr_node_executor_thread_pool_tasks, description=Thread pool task counts, unit=, type=OBSERVABLE_GAUGE, valueType=LONG, advice=Advice{explicitBucketBoundaries=null, attributes=null}}]} has called close() multiple times.
मार्च २३, २०२६ ७:३७:१८ सांझ io.opentelemetry.sdk.internal.ThrottlingLogger doLog
WARNING: CallbackRegistration{instrumentDescriptors=[InstrumentDescriptor{name=solr_core_replication_is_follower, description=Whether this node is a follower (1) or not (0), unit=, type=OBSERVABLE_GAUGE, valueType=LONG, advice=Advice{explicitBucketBoundaries=null, attributes=null}}, InstrumentDescriptor{name=solr_core_replication_index_size, description=Size of the index in megabytes, unit=MBy, type=OBSERVABLE_GAUGE, valueType=DOUBLE, advice=Advice{explicitBucketBoundaries=null, attributes=null}}, InstrumentDescriptor{name=solr_core_replication_is_polling_disabled, description=Whether polling is disabled (1) or not (0), unit=, type=OBSERVABLE_GAUGE, valueType=LONG, advice=Advice{explicitBucketBoundaries=null, attributes=null}}, InstrumentDescriptor{name=solr_core_replication_time_elapsed, description=Time elapsed during replication in seconds, unit=s, type=OBSERVABLE_GAUGE, valueType=LONG, advice=Advice{explicitBucketBoundaries=null, attributes=null}}, InstrumentDescriptor{name=solr_core_replication_is_leader, description=Whether this node is a leader (1) or not (0), unit=, type=OBSERVABLE_GAUGE, valueType=LONG, advice=Advice{explicitBucketBoundaries=null, attributes=null}}, InstrumentDescriptor{name=solr_core_replication_is_enabled, description=Whether replication is enabled (1) or not (0), unit=, type=OBSERVABLE_GAUGE, valueType=LONG, advice=Advice{explicitBucketBoundaries=null, attributes=null}}, InstrumentDescriptor{name=solr_core_replication_index_generation, description=Current index generation, unit=, type=OBSERVABLE_GAUGE, valueType=LONG, advice=Advice{explicitBucketBoundaries=null, attributes=null}}, InstrumentDescriptor{name=solr_core_replication_index_version, description=Current index version, unit=, type=OBSERVABLE_GAUGE, valueType=LONG, advice=Advice{explicitBucketBoundaries=null, attributes=null}}, InstrumentDescriptor{name=solr_core_replication_downloaded_size, description=Total bytes downloaded during replication, unit=By, type=OBSERVABLE_GAUGE, valueType=LONG, advice=Advice{explicitBucketBoundaries=null, attributes=null}}, InstrumentDescriptor{name=solr_core_replication_is_replicating, description=Whether replication is in progress (1) or not (0), unit=, type=OBSERVABLE_GAUGE, valueType=LONG, advice=Advice{explicitBucketBoundaries=null, attributes=null}}, InstrumentDescriptor{name=solr_core_replication_download_speed, description=Download speed in bytes per second, unit=, type=OBSERVABLE_GAUGE, valueType=LONG, advice=Advice{explicitBucketBoundaries=null, attributes=null}}]} has called close() multiple times.
मार्च २३, २०२६ ७:३७:१८ सांझ io.opentelemetry.sdk.internal.ThrottlingLogger doLog
WARNING: CallbackRegistration{instrumentDescriptors=[InstrumentDescriptor{name=solr_core_update_auto_commits, description=Current number of auto commits, unit=, type=OBSERVABLE_COUNTER, valueType=LONG, advice=Advice{explicitBucketBoundaries=null, attributes=null}}]} has called close() multiple times.
मार्च २३, २०२६ ७:३७:१८ सांझ io.opentelemetry.sdk.internal.ThrottlingLogger doLog
WARNING: CallbackRegistration{instrumentDescriptors=[InstrumentDescriptor{name=solr_core_update_commit_stats, description=Metrics around commits, unit=, type=OBSERVABLE_GAUGE, valueType=LONG, advice=Advice{explicitBucketBoundaries=null, attributes=null}}]} has called close() multiple times.
मार्च २३, २०२६ ७:३७:१८ सांझ io.opentelemetry.sdk.internal.ThrottlingLogger doLog
WARNING: CallbackRegistration{instrumentDescriptors=[InstrumentDescriptor{name=solr_core_update_docs_pending_commit, description=Current number of documents pending commit. Value is reset to 0 on commit., unit=, type=OBSERVABLE_GAUGE, valueType=LONG, advice=Advice{explicitBucketBoundaries=null, attributes=null}}]} has called close() multiple times.
मार्च २३, २०२६ ७:३७:१८ सांझ io.opentelemetry.sdk.internal.ThrottlingLogger doLog
WARNING: CallbackRegistration{instrumentDescriptors=[InstrumentDescriptor{name=solr_core_indexsearcher_cache_ops, description=Number of cumulative cache operations (inserts and evictions), unit=, type=OBSERVABLE_COUNTER, valueType=LONG, advice=Advice{explicitBucketBoundaries=null, attributes=null}}, InstrumentDescriptor{name=solr_core_indexsearcher_cache_size, description=Current number cache entries, unit=, type=OBSERVABLE_GAUGE, valueType=LONG, advice=Advice{explicitBucketBoundaries=null, attributes=null}}, InstrumentDescriptor{name=solr_core_indexsearcher_cache_ram_used, description=RAM bytes used by cache, unit=By, type=OBSERVABLE_GAUGE, valueType=LONG, advice=Advice{explicitBucketBoundaries=null, attributes=null}}, InstrumentDescriptor{name=solr_core_indexsearcher_cache_warmup_time, description=Cache warmup time (most recent), unit=ms, type=OBSERVABLE_GAUGE, valueType=LONG, advice=Advice{explicitBucketBoundaries=null, attributes=null}}, InstrumentDescriptor{name=solr_core_indexsearcher_cache_lookups, description=Number of cumulative cache lookup results (hits and misses), unit=, type=OBSERVABLE_COUNTER, valueType=LONG, advice=Advice{explicitBucketBoundaries=null, attributes=null}}]} has called close() multiple times.
मार्च २३, २०२६ ७:३७:१८ सांझ io.opentelemetry.sdk.internal.ThrottlingLogger doLog
WARNING: CallbackRegistration{instrumentDescriptors=[InstrumentDescriptor{name=solr_core_indexsearcher_cache_warmup_time, description=Cache warmup time (most recent), unit=ms, type=OBSERVABLE_GAUGE, valueType=LONG, advice=Advice{explicitBucketBoundaries=null, attributes=null}}, InstrumentDescriptor{name=solr_core_indexsearcher_cache_size, description=Current number cache entries, unit=, type=OBSERVABLE_GAUGE, valueType=LONG, advice=Advice{explicitBucketBoundaries=null, attributes=null}}, InstrumentDescriptor{name=solr_core_indexsearcher_cache_ops, description=Number of cumulative cache operations (inserts and evictions), unit=, type=OBSERVABLE_COUNTER, valueType=LONG, advice=Advice{explicitBucketBoundaries=null, attributes=null}}, InstrumentDescriptor{name=solr_core_indexsearcher_cache_lookups, description=Number of cumulative cache lookup results (hits and misses), unit=, type=OBSERVABLE_COUNTER, valueType=LONG, advice=Advice{explicitBucketBoundaries=null, attributes=null}}, InstrumentDescriptor{name=solr_core_indexsearcher_cache_ram_used, description=RAM bytes used by cache, unit=By, type=OBSERVABLE_GAUGE, valueType=LONG, advice=Advice{explicitBucketBoundaries=null, attributes=null}}]} has called close() multiple times.
मार्च २३, २०२६ ७:३७:१८ सांझ io.opentelemetry.sdk.internal.ThrottlingLogger doLog
WARNING: CallbackRegistration{instrumentDescriptors=[InstrumentDescriptor{name=solr_core_indexsearcher_cache_lookups, description=Number of cumulative cache lookup results (hits and misses), unit=, type=OBSERVABLE_COUNTER, valueType=LONG, advice=Advice{explicitBucketBoundaries=null, attributes=null}}, InstrumentDescriptor{name=solr_core_indexsearcher_cache_ram_used, description=RAM bytes used by cache, unit=By, type=OBSERVABLE_GAUGE, valueType=LONG, advice=Advice{explicitBucketBoundaries=null, attributes=null}}, InstrumentDescriptor{name=solr_core_indexsearcher_cache_ops, description=Number of cumulative cache operations (inserts and evictions), unit=, type=OBSERVABLE_COUNTER, valueType=LONG, advice=Advice{explicitBucketBoundaries=null, attributes=null}}, InstrumentDescriptor{name=solr_core_indexsearcher_cache_size, description=Current number cache entries, unit=, type=OBSERVABLE_GAUGE, valueType=LONG, advice=Advice{explicitBucketBoundaries=null, attributes=null}}, InstrumentDescriptor{name=solr_core_indexsearcher_cache_warmup_time, description=Cache warmup time (most recent), unit=ms, type=OBSERVABLE_GAUGE, valueType=LONG, advice=Advice{explicitBucketBoundaries=null, attributes=null}}]} has called close() multiple times.
मार्च २३, २०२६ ७:३७:१८ सांझ io.opentelemetry.sdk.internal.ThrottlingLogger doLog
WARNING: CallbackRegistration{instrumentDescriptors=[InstrumentDescriptor{name=solr_core_indexsearcher_cache_size, description=Current number cache entries, unit=, type=OBSERVABLE_GAUGE, valueType=LONG, advice=Advice{explicitBucketBoundaries=null, attributes=null}}, InstrumentDescriptor{name=solr_core_indexsearcher_cache_warmup_time, description=Cache warmup time (most recent), unit=ms, type=OBSERVABLE_GAUGE, valueType=LONG, advice=Advice{explicitBucketBoundaries=null, attributes=null}}, InstrumentDescriptor{name=solr_core_indexsearcher_cache_ops, description=Number of cumulative cache operations (inserts and evictions), unit=, type=OBSERVABLE_COUNTER, valueType=LONG, advice=Advice{explicitBucketBoundaries=null, attributes=null}}, InstrumentDescriptor{name=solr_core_indexsearcher_cache_ram_used, description=RAM bytes used by cache, unit=By, type=OBSERVABLE_GAUGE, valueType=LONG, advice=Advice{explicitBucketBoundaries=null, attributes=null}}, InstrumentDescriptor{name=solr_core_indexsearcher_cache_lookups, description=Number of cumulative cache lookup results (hits and misses), unit=, type=OBSERVABLE_COUNTER, valueType=LONG, advice=Advice{explicitBucketBoundaries=null, attributes=null}}]} has called close() multiple times.
मार्च २३, २०२६ ७:३७:१८ सांझ io.opentelemetry.sdk.internal.ThrottlingLogger doLog
WARNING: CallbackRegistration{instrumentDescriptors=[InstrumentDescriptor{name=solr_core_indexsearcher_termstats_cache, description=Operation counts for the searcher term statistics cache, reported per operation type, unit=, type=OBSERVABLE_GAUGE, valueType=LONG, advice=Advice{explicitBucketBoundaries=null, attributes=null}}]} has called close() multiple times.
मार्च २३, २०२६ ७:३७:१८ सांझ io.opentelemetry.sdk.internal.ThrottlingLogger doLog
WARNING: CallbackRegistration{instrumentDescriptors=[InstrumentDescriptor{name=solr_core_indexsearcher_live_docs_cache, description=LiveDocs cache metrics, unit=, type=OBSERVABLE_COUNTER, valueType=LONG, advice=Advice{explicitBucketBoundaries=null, attributes=null}}]} has called close() multiple times.
मार्च २३, २०२६ ७:३७:१८ सांझ io.opentelemetry.sdk.internal.ThrottlingLogger doLog
WARNING: CallbackRegistration{instrumentDescriptors=[InstrumentDescriptor{name=solr_core_indexsearcher_index_num_docs, description=Number of live docs in the index, unit=, type=OBSERVABLE_GAUGE, valueType=LONG, advice=Advice{explicitBucketBoundaries=null, attributes=null}}]} has called close() multiple times.
मार्च २३, २०२६ ७:३७:१८ सांझ io.opentelemetry.sdk.internal.ThrottlingLogger doLog
WARNING: CallbackRegistration{instrumentDescriptors=[InstrumentDescriptor{name=solr_core_indexsearcher_index_docs, description=Total number of docs in the index (including deletions), unit=, type=OBSERVABLE_GAUGE, valueType=LONG, advice=Advice{explicitBucketBoundaries=null, attributes=null}}]} has called close() multiple times.
मार्च २३, २०२६ ७:३७:१८ सांझ io.opentelemetry.sdk.internal.ThrottlingLogger doLog
WARNING: CallbackRegistration{instrumentDescriptors=[InstrumentDescriptor{name=solr_core_indexsearcher_index_version, description=Lucene index version, unit=, type=OBSERVABLE_GAUGE, valueType=LONG, advice=Advice{explicitBucketBoundaries=null, attributes=null}}]} has called close() multiple times.
मार्च २३, २०२६ ७:३७:१८ सांझ io.opentelemetry.sdk.internal.ThrottlingLogger doLog
WARNING: CallbackRegistration{instrumentDescriptors=[InstrumentDescriptor{name=solr_core_ref_count, description=The current number of active references to a Solr core, unit=, type=OBSERVABLE_GAUGE, valueType=LONG, advice=Advice{explicitBucketBoundaries=null, attributes=null}}]} has called close() multiple times.
मार्च २३, २०२६ ७:३७:१८ सांझ io.opentelemetry.sdk.internal.ThrottlingLogger doLog
WARNING: CallbackRegistration{instrumentDescriptors=[InstrumentDescriptor{name=solr_core_executor_thread_pool_size, description=Thread pool size, unit=, type=OBSERVABLE_GAUGE, valueType=LONG, advice=Advice{explicitBucketBoundaries=null, attributes=null}}]} has called close() multiple times.
मार्च २३, २०२६ ७:३७:१८ सांझ io.opentelemetry.sdk.internal.ThrottlingLogger doLog
WARNING: CallbackRegistration{instrumentDescriptors=[InstrumentDescriptor{name=solr_core_executor_thread_pool_tasks, description=Thread pool task counts, unit=, type=OBSERVABLE_GAUGE, valueType=LONG, advice=Advice{explicitBucketBoundaries=null, attributes=null}}]} has called close() multiple times.
मार्च २३, २०२६ ७:३७:१८ सांझ io.opentelemetry.sdk.internal.ThrottlingLogger doLog
WARNING: CallbackRegistration{instrumentDescriptors=[InstrumentDescriptor{name=solr_core_executor_thread_pool_size, description=Thread pool size, unit=, type=OBSERVABLE_GAUGE, valueType=LONG, advice=Advice{explicitBucketBoundaries=null, attributes=null}}]} has called close() multiple times.
मार्च २३, २०२६ ७:३७:१८ सांझ io.opentelemetry.sdk.internal.ThrottlingLogger doLog
WARNING: CallbackRegistration{instrumentDescriptors=[InstrumentDescriptor{name=solr_core_executor_thread_pool_tasks, description=Thread pool task counts, unit=, type=OBSERVABLE_GAUGE, valueType=LONG, advice=Advice{explicitBucketBoundaries=null, attributes=null}}]} has called close() multiple times.
मार्च २३, २०२६ ७:३७:१८ सांझ io.opentelemetry.sdk.internal.ThrottlingLogger doLog
WARNING: CallbackRegistration{instrumentDescriptors=[InstrumentDescriptor{name=solr_core_executor_thread_pool_size, description=Thread pool size, unit=, type=OBSERVABLE_GAUGE, valueType=LONG, advice=Advice{explicitBucketBoundaries=null, attributes=null}}]} has called close() multiple times.
मार्च २३, २०२६ ७:३७:१८ सांझ io.opentelemetry.sdk.internal.ThrottlingLogger doLog
WARNING: CallbackRegistration{instrumentDescriptors=[InstrumentDescriptor{name=solr_core_executor_thread_pool_tasks, description=Thread pool task counts, unit=, type=OBSERVABLE_GAUGE, valueType=LONG, advice=Advice{explicitBucketBoundaries=null, attributes=null}}]} has called close() multiple times.
]]></system-err>
  </testcase>
</testsuite>